2015-09-22 10:25:42 Error: [MissingControllerException] Controller class UserController could not be found.
Exception Attributes: array (
  'class' => 'UserController',
  'plugin' => NULL,
)
Request URL: /cakephp-2.7.3/User
Stack Trace:
#0 /Applications/MAMP/htdocs/cakephp-2.7.3/app/webroot/index.php(118): Dispatcher->dispatch(Object(CakeRequest), Object(CakeResponse))
#1 {main}
2015-09-22 17:44:57 Error: [MissingPluginException] Plugin PHPUnit could not be found.
Exception Attributes: array (
  'plugin' => 'PHPUnit',
)
Stack Trace:
#0 /Applications/MAMP/htdocs/cakephp-2.7.3/app/Config/bootstrap.php(116): CakePlugin::load('PHPUnit')
#1 /Applications/MAMP/htdocs/cakephp-2.7.3/lib/Cake/Core/Configure.php(92): include('/Applications/M...')
#2 /Applications/MAMP/htdocs/cakephp-2.7.3/lib/Cake/bootstrap.php(431): Configure::bootstrap(true)
#3 /Applications/MAMP/htdocs/cakephp-2.7.3/app/webroot/test.php(90): include('/Applications/M...')
#4 {main}
2015-09-22 17:49:28 Error: [MissingPluginException] Plugin PHPUnit could not be found.
Exception Attributes: array (
  'plugin' => 'PHPUnit',
)
Stack Trace:
#0 /Applications/MAMP/htdocs/cakephp-2.7.3/app/Config/bootstrap.php(116): CakePlugin::load('PHPUnit')
#1 /Applications/MAMP/htdocs/cakephp-2.7.3/lib/Cake/Core/Configure.php(92): include('/Applications/M...')
#2 /Applications/MAMP/htdocs/cakephp-2.7.3/lib/Cake/bootstrap.php(431): Configure::bootstrap(true)
#3 /Applications/MAMP/htdocs/cakephp-2.7.3/app/webroot/test.php(90): include('/Applications/M...')
#4 {main}
2015-09-22 17:49:47 Error: [MissingPluginException] Plugin PHPUnit could not be found.
Exception Attributes: array (
  'plugin' => 'PHPUnit',
)
Stack Trace:
#0 /Applications/MAMP/htdocs/cakephp-2.7.3/app/Config/bootstrap.php(116): CakePlugin::load('PHPUnit')
#1 /Applications/MAMP/htdocs/cakephp-2.7.3/lib/Cake/Core/Configure.php(92): include('/Applications/M...')
#2 /Applications/MAMP/htdocs/cakephp-2.7.3/lib/Cake/bootstrap.php(431): Configure::bootstrap(true)
#3 /Applications/MAMP/htdocs/cakephp-2.7.3/app/webroot/test.php(90): include('/Applications/M...')
#4 {main}
2015-09-22 17:50:13 Error: [MissingPluginException] Plugin PHPUnit could not be found.
Exception Attributes: array (
  'plugin' => 'PHPUnit',
)
Stack Trace:
#0 /Applications/MAMP/htdocs/cakephp-2.7.3/app/Config/bootstrap.php(116): CakePlugin::load('PHPUnit')
#1 /Applications/MAMP/htdocs/cakephp-2.7.3/lib/Cake/Core/Configure.php(92): include('/Applications/M...')
#2 /Applications/MAMP/htdocs/cakephp-2.7.3/lib/Cake/bootstrap.php(431): Configure::bootstrap(true)
#3 /Applications/MAMP/htdocs/cakephp-2.7.3/app/webroot/test.php(90): include('/Applications/M...')
#4 {main}
2015-09-22 20:06:35 Error: [MissingPluginException] Plugin PHPUnit could not be found.
Exception Attributes: array (
  'plugin' => 'PHPUnit',
)
Stack Trace:
#0 /Applications/MAMP/htdocs/cakephp-2.7.3/app/Config/bootstrap.php(116): CakePlugin::load('PHPUnit')
#1 /Applications/MAMP/htdocs/cakephp-2.7.3/lib/Cake/Core/Configure.php(92): include('/Applications/M...')
#2 /Applications/MAMP/htdocs/cakephp-2.7.3/lib/Cake/bootstrap.php(431): Configure::bootstrap(true)
#3 /Applications/MAMP/htdocs/cakephp-2.7.3/app/webroot/test.php(90): include('/Applications/M...')
#4 {main}
2015-09-22 20:07:04 Error: [MissingPluginException] Plugin PHPUnit could not be found.
Exception Attributes: array (
  'plugin' => 'PHPUnit',
)
Stack Trace:
#0 /Applications/MAMP/htdocs/cakephp-2.7.3/app/Config/bootstrap.php(116): CakePlugin::load('PHPUnit')
#1 /Applications/MAMP/htdocs/cakephp-2.7.3/lib/Cake/Core/Configure.php(92): include('/Applications/M...')
#2 /Applications/MAMP/htdocs/cakephp-2.7.3/lib/Cake/bootstrap.php(431): Configure::bootstrap(true)
#3 /Applications/MAMP/htdocs/cakephp-2.7.3/app/webroot/test.php(90): include('/Applications/M...')
#4 {main}
2015-09-22 20:09:48 Error: Fatal Error (64): require() [<a href='http://php.net/function.require'>function.require</a>]: Failed opening required '/Applications/MAMP/htdocs/cakephp-2.7.3/app/../Vendor/PHPInit/autoload.php' (include_path='/Applications/MAMP/htdocs/cakephp-2.7.3/lib:.:/Applications/MAMP/bin/php/php5.6.10/lib/php') in [/Applications/MAMP/htdocs/cakephp-2.7.3/app/Config/bootstrap.php, line 123]
2015-09-22 20:09:48 Error: [FatalErrorException] require() [<a href='http://php.net/function.require'>function.require</a>]: Failed opening required '/Applications/MAMP/htdocs/cakephp-2.7.3/app/../Vendor/PHPInit/autoload.php' (include_path='/Applications/MAMP/htdocs/cakephp-2.7.3/lib:.:/Applications/MAMP/bin/php/php5.6.10/lib/php')
Stack Trace:
#0 /Applications/MAMP/htdocs/cakephp-2.7.3/lib/Cake/Error/ErrorHandler.php(213): ErrorHandler::handleFatalError(64, 'require() [<a h...', '/Applications/M...', 123)
#1 [internal function]: ErrorHandler::handleError(64, 'require() [<a h...', '/Applications/M...', 123, Array)
#2 /Applications/MAMP/htdocs/cakephp-2.7.3/lib/Cake/Core/App.php(933): call_user_func('ErrorHandler::h...', 64, 'require() [<a h...', '/Applications/M...', 123, Array)
#3 /Applications/MAMP/htdocs/cakephp-2.7.3/lib/Cake/Core/App.php(906): App::_checkFatalError()
#4 [internal function]: App::shutdown()
#5 {main}
2015-09-22 20:10:05 Error: Fatal Error (64): require() [<a href='http://php.net/function.require'>function.require</a>]: Failed opening required '/Applications/MAMP/htdocs/cakephp-2.7.3/app/../Vendor/autoload.php' (include_path='/Applications/MAMP/htdocs/cakephp-2.7.3/lib:.:/Applications/MAMP/bin/php/php5.6.10/lib/php') in [/Applications/MAMP/htdocs/cakephp-2.7.3/app/Config/bootstrap.php, line 123]
2015-09-22 20:10:05 Error: [FatalErrorException] require() [<a href='http://php.net/function.require'>function.require</a>]: Failed opening required '/Applications/MAMP/htdocs/cakephp-2.7.3/app/../Vendor/autoload.php' (include_path='/Applications/MAMP/htdocs/cakephp-2.7.3/lib:.:/Applications/MAMP/bin/php/php5.6.10/lib/php')
Stack Trace:
#0 /Applications/MAMP/htdocs/cakephp-2.7.3/lib/Cake/Error/ErrorHandler.php(213): ErrorHandler::handleFatalError(64, 'require() [<a h...', '/Applications/M...', 123)
#1 [internal function]: ErrorHandler::handleError(64, 'require() [<a h...', '/Applications/M...', 123, Array)
#2 /Applications/MAMP/htdocs/cakephp-2.7.3/lib/Cake/Core/App.php(933): call_user_func('ErrorHandler::h...', 64, 'require() [<a h...', '/Applications/M...', 123, Array)
#3 /Applications/MAMP/htdocs/cakephp-2.7.3/lib/Cake/Core/App.php(906): App::_checkFatalError()
#4 [internal function]: App::shutdown()
#5 {main}
2015-09-22 20:10:10 Error: Fatal Error (64): require() [<a href='http://php.net/function.require'>function.require</a>]: Failed opening required '/Applications/MAMP/htdocs/cakephp-2.7.3/app/../Vendor/PHPInit/autoload.php' (include_path='/Applications/MAMP/htdocs/cakephp-2.7.3/lib:.:/Applications/MAMP/bin/php/php5.6.10/lib/php') in [/Applications/MAMP/htdocs/cakephp-2.7.3/app/Config/bootstrap.php, line 123]
2015-09-22 20:10:10 Error: [FatalErrorException] require() [<a href='http://php.net/function.require'>function.require</a>]: Failed opening required '/Applications/MAMP/htdocs/cakephp-2.7.3/app/../Vendor/PHPInit/autoload.php' (include_path='/Applications/MAMP/htdocs/cakephp-2.7.3/lib:.:/Applications/MAMP/bin/php/php5.6.10/lib/php')
Stack Trace:
#0 /Applications/MAMP/htdocs/cakephp-2.7.3/lib/Cake/Error/ErrorHandler.php(213): ErrorHandler::handleFatalError(64, 'require() [<a h...', '/Applications/M...', 123)
#1 [internal function]: ErrorHandler::handleError(64, 'require() [<a h...', '/Applications/M...', 123, Array)
#2 /Applications/MAMP/htdocs/cakephp-2.7.3/lib/Cake/Core/App.php(933): call_user_func('ErrorHandler::h...', 64, 'require() [<a h...', '/Applications/M...', 123, Array)
#3 /Applications/MAMP/htdocs/cakephp-2.7.3/lib/Cake/Core/App.php(906): App::_checkFatalError()
#4 [internal function]: App::shutdown()
#5 {main}
2015-09-22 20:10:15 Error: Fatal Error (64): require() [<a href='http://php.net/function.require'>function.require</a>]: Failed opening required '/Applications/MAMP/htdocs/cakephp-2.7.3/app/../Vendor/PHPUnit/autoload.php' (include_path='/Applications/MAMP/htdocs/cakephp-2.7.3/lib:.:/Applications/MAMP/bin/php/php5.6.10/lib/php') in [/Applications/MAMP/htdocs/cakephp-2.7.3/app/Config/bootstrap.php, line 123]
2015-09-22 20:10:15 Error: [FatalErrorException] require() [<a href='http://php.net/function.require'>function.require</a>]: Failed opening required '/Applications/MAMP/htdocs/cakephp-2.7.3/app/../Vendor/PHPUnit/autoload.php' (include_path='/Applications/MAMP/htdocs/cakephp-2.7.3/lib:.:/Applications/MAMP/bin/php/php5.6.10/lib/php')
Stack Trace:
#0 /Applications/MAMP/htdocs/cakephp-2.7.3/lib/Cake/Error/ErrorHandler.php(213): ErrorHandler::handleFatalError(64, 'require() [<a h...', '/Applications/M...', 123)
#1 [internal function]: ErrorHandler::handleError(64, 'require() [<a h...', '/Applications/M...', 123, Array)
#2 /Applications/MAMP/htdocs/cakephp-2.7.3/lib/Cake/Core/App.php(933): call_user_func('ErrorHandler::h...', 64, 'require() [<a h...', '/Applications/M...', 123, Array)
#3 /Applications/MAMP/htdocs/cakephp-2.7.3/lib/Cake/Core/App.php(906): App::_checkFatalError()
#4 [internal function]: App::shutdown()
#5 {main}
2015-09-22 20:26:47 Error: [MissingPluginException] Plugin PHPUnit could not be found.
Exception Attributes: array (
  'plugin' => 'PHPUnit',
)
Stack Trace:
#0 /Applications/MAMP/htdocs/cakephp-2.7.3/app/Config/bootstrap.php(115): CakePlugin::load('PHPUnit')
#1 /Applications/MAMP/htdocs/cakephp-2.7.3/lib/Cake/Core/Configure.php(92): include('/Applications/M...')
#2 /Applications/MAMP/htdocs/cakephp-2.7.3/lib/Cake/bootstrap.php(431): Configure::bootstrap(true)
#3 /Applications/MAMP/htdocs/cakephp-2.7.3/app/webroot/test.php(90): include('/Applications/M...')
#4 {main}
2015-09-22 22:23:53 Error: Fatal Error (4): syntax error, unexpected '$category' (T_VARIABLE), expecting function (T_FUNCTION) in [/Applications/MAMP/htdocs/cakephp-2.7.3/app/Test/Case/Model/CategoryTest.php, line 39]
2015-09-22 22:23:53 Error: [FatalErrorException] syntax error, unexpected '$category' (T_VARIABLE), expecting function (T_FUNCTION)
Stack Trace:
#0 /Applications/MAMP/htdocs/cakephp-2.7.3/lib/Cake/Error/ErrorHandler.php(213): ErrorHandler::handleFatalError(4, 'syntax error, u...', '/Applications/M...', 39)
#1 [internal function]: ErrorHandler::handleError(4, 'syntax error, u...', '/Applications/M...', 39, Array)
#2 /Applications/MAMP/htdocs/cakephp-2.7.3/lib/Cake/Core/App.php(933): call_user_func('ErrorHandler::h...', 4, 'syntax error, u...', '/Applications/M...', 39, Array)
#3 /Applications/MAMP/htdocs/cakephp-2.7.3/lib/Cake/Core/App.php(906): App::_checkFatalError()
#4 [internal function]: App::shutdown()
#5 {main}
2015-09-23 10:10:49 Error: [MissingTableException] Table category for model Category was not found in datasource default.
Exception Attributes: array (
  'table' => 'category',
  'class' => 'Category',
  'ds' => 'default',
)
Request URL: /cakephp-2.7.3/Categories
Stack Trace:
#0 /Applications/MAMP/htdocs/cakephp-2.7.3/lib/Cake/Model/Model.php(3648): Model->setSource('category')
#1 /Applications/MAMP/htdocs/cakephp-2.7.3/lib/Cake/Model/Model.php(3026): Model->getDataSource()
#2 /Applications/MAMP/htdocs/cakephp-2.7.3/lib/Cake/Model/Model.php(2998): Model->_readDataSource('all', Array)
#3 /Applications/MAMP/htdocs/cakephp-2.7.3/lib/Cake/Controller/Component/PaginatorComponent.php(196): Model->find('all', Array)
#4 /Applications/MAMP/htdocs/cakephp-2.7.3/app/Controller/CategoriesController.php(27): PaginatorComponent->paginate()
#5 [internal function]: CategoriesController->index()
#6 /Applications/MAMP/htdocs/cakephp-2.7.3/lib/Cake/Controller/Controller.php(490): ReflectionMethod->invokeArgs(Object(CategoriesController), Array)
#7 /Applications/MAMP/htdocs/cakephp-2.7.3/lib/Cake/Routing/Dispatcher.php(193): Controller->invokeAction(Object(CakeRequest))
#8 /Applications/MAMP/htdocs/cakephp-2.7.3/lib/Cake/Routing/Dispatcher.php(167): Dispatcher->_invoke(Object(CategoriesController), Object(CakeRequest))
#9 /Applications/MAMP/htdocs/cakephp-2.7.3/app/webroot/index.php(118): Dispatcher->dispatch(Object(CakeRequest), Object(CakeResponse))
#10 {main}
2015-09-23 10:11:00 Error: [MissingTableException] Table category for model Category was not found in datasource default.
Exception Attributes: array (
  'table' => 'category',
  'class' => 'Category',
  'ds' => 'default',
)
Request URL: /cakephp-2.7.3/Categories/add
Stack Trace:
#0 /Applications/MAMP/htdocs/cakephp-2.7.3/lib/Cake/Model/Model.php(3648): Model->setSource('category')
#1 /Applications/MAMP/htdocs/cakephp-2.7.3/lib/Cake/Model/Model.php(1387): Model->getDataSource()
#2 /Applications/MAMP/htdocs/cakephp-2.7.3/lib/Cake/View/Helper/FormHelper.php(215): Model->schema()
#3 /Applications/MAMP/htdocs/cakephp-2.7.3/lib/Cake/View/Helper/FormHelper.php(468): FormHelper->_introspectModel('Category', 'fields')
#4 /Applications/MAMP/htdocs/cakephp-2.7.3/app/View/Categories/add.ctp(2): FormHelper->create('Category')
#5 /Applications/MAMP/htdocs/cakephp-2.7.3/lib/Cake/View/View.php(971): include('/Applications/M...')
#6 /Applications/MAMP/htdocs/cakephp-2.7.3/lib/Cake/View/View.php(933): View->_evaluate('/Applications/M...', Array)
#7 /Applications/MAMP/htdocs/cakephp-2.7.3/lib/Cake/View/View.php(473): View->_render('/Applications/M...')
#8 /Applications/MAMP/htdocs/cakephp-2.7.3/lib/Cake/Controller/Controller.php(960): View->render(NULL, NULL)
#9 /Applications/MAMP/htdocs/cakephp-2.7.3/lib/Cake/Routing/Dispatcher.php(200): Controller->render()
#10 /Applications/MAMP/htdocs/cakephp-2.7.3/lib/Cake/Routing/Dispatcher.php(167): Dispatcher->_invoke(Object(CategoriesController), Object(CakeRequest))
#11 /Applications/MAMP/htdocs/cakephp-2.7.3/app/webroot/index.php(118): Dispatcher->dispatch(Object(CakeRequest), Object(CakeResponse))
#12 {main}
2015-09-23 10:28:17 Error: [MissingTableException] Table category for model Category was not found in datasource default.
Exception Attributes: array (
  'table' => 'category',
  'class' => 'Category',
  'ds' => 'default',
)
Request URL: /cakephp-2.7.3/Categories
Stack Trace:
#0 /Applications/MAMP/htdocs/cakephp-2.7.3/lib/Cake/Model/Model.php(3648): Model->setSource('category')
#1 /Applications/MAMP/htdocs/cakephp-2.7.3/lib/Cake/Model/Model.php(3026): Model->getDataSource()
#2 /Applications/MAMP/htdocs/cakephp-2.7.3/lib/Cake/Model/Model.php(2998): Model->_readDataSource('all', Array)
#3 /Applications/MAMP/htdocs/cakephp-2.7.3/lib/Cake/Controller/Component/PaginatorComponent.php(196): Model->find('all', Array)
#4 /Applications/MAMP/htdocs/cakephp-2.7.3/app/Controller/CategoriesController.php(27): PaginatorComponent->paginate()
#5 [internal function]: CategoriesController->index()
#6 /Applications/MAMP/htdocs/cakephp-2.7.3/lib/Cake/Controller/Controller.php(490): ReflectionMethod->invokeArgs(Object(CategoriesController), Array)
#7 /Applications/MAMP/htdocs/cakephp-2.7.3/lib/Cake/Routing/Dispatcher.php(193): Controller->invokeAction(Object(CakeRequest))
#8 /Applications/MAMP/htdocs/cakephp-2.7.3/lib/Cake/Routing/Dispatcher.php(167): Dispatcher->_invoke(Object(CategoriesController), Object(CakeRequest))
#9 /Applications/MAMP/htdocs/cakephp-2.7.3/app/webroot/index.php(118): Dispatcher->dispatch(Object(CakeRequest), Object(CakeResponse))
#10 {main}
2015-09-23 12:09:44 Error: [MissingDatasourceConfigException] The datasource configuration "test" was not found in database.php
Exception Attributes: array (
  'config' => 'test',
)
Stack Trace:
#0 /Applications/MAMP/htdocs/cakephp-2.7.3/lib/Cake/Model/ConnectionManager.php(91): ConnectionManager::_getConnectionObject('test')
#1 /Applications/MAMP/htdocs/cakephp-2.7.3/lib/Cake/TestSuite/Fixture/CakeFixtureManager.php(92): ConnectionManager::getDataSource('test')
#2 /Applications/MAMP/htdocs/cakephp-2.7.3/lib/Cake/TestSuite/Fixture/CakeFixtureManager.php(71): CakeFixtureManager->_initDb()
#3 /Applications/MAMP/htdocs/cakephp-2.7.3/lib/Cake/TestSuite/CakeTestRunner.php(57): CakeFixtureManager->fixturize(Object(UsersControllerTest))
#4 /Applications/MAMP/htdocs/cakephp-2.7.3/lib/Cake/TestSuite/CakeTestSuiteCommand.php(98): CakeTestRunner->doRun(Object(PHPUnit_Framework_TestSuite), Array)
#5 /Applications/MAMP/htdocs/cakephp-2.7.3/lib/Cake/TestSuite/CakeTestSuiteDispatcher.php(259): CakeTestSuiteCommand->run(Array)
#6 /Applications/MAMP/htdocs/cakephp-2.7.3/lib/Cake/TestSuite/CakeTestSuiteDispatcher.php(96): CakeTestSuiteDispatcher->_runTestCase()
#7 /Applications/MAMP/htdocs/cakephp-2.7.3/lib/Cake/TestSuite/CakeTestSuiteDispatcher.php(113): CakeTestSuiteDispatcher->dispatch()
#8 /Applications/MAMP/htdocs/cakephp-2.7.3/app/webroot/test.php(108): CakeTestSuiteDispatcher::run()
#9 {main}
2015-09-23 13:32:10 Error: [MissingTableException] Table category for model Category was not found in datasource default.
Exception Attributes: array (
  'table' => 'category',
  'class' => 'Category',
  'ds' => 'default',
)
Request URL: /cakephp-2.7.3/Categories
Stack Trace:
#0 /Applications/MAMP/htdocs/cakephp-2.7.3/lib/Cake/Model/Model.php(3648): Model->setSource('category')
#1 /Applications/MAMP/htdocs/cakephp-2.7.3/lib/Cake/Model/Model.php(3026): Model->getDataSource()
#2 /Applications/MAMP/htdocs/cakephp-2.7.3/lib/Cake/Model/Model.php(2998): Model->_readDataSource('all', Array)
#3 /Applications/MAMP/htdocs/cakephp-2.7.3/lib/Cake/Controller/Component/PaginatorComponent.php(196): Model->find('all', Array)
#4 /Applications/MAMP/htdocs/cakephp-2.7.3/app/Controller/CategoriesController.php(27): PaginatorComponent->paginate()
#5 [internal function]: CategoriesController->index()
#6 /Applications/MAMP/htdocs/cakephp-2.7.3/lib/Cake/Controller/Controller.php(490): ReflectionMethod->invokeArgs(Object(CategoriesController), Array)
#7 /Applications/MAMP/htdocs/cakephp-2.7.3/lib/Cake/Routing/Dispatcher.php(193): Controller->invokeAction(Object(CakeRequest))
#8 /Applications/MAMP/htdocs/cakephp-2.7.3/lib/Cake/Routing/Dispatcher.php(167): Dispatcher->_invoke(Object(CategoriesController), Object(CakeRequest))
#9 /Applications/MAMP/htdocs/cakephp-2.7.3/app/webroot/index.php(118): Dispatcher->dispatch(Object(CakeRequest), Object(CakeResponse))
#10 {main}
2015-09-23 15:22:54 Error: Fatal Error (4): syntax error, unexpected 'public' (T_PUBLIC) in [/Applications/MAMP/htdocs/cakephp-2.7.3/app/Controller/CategoriesController.php, line 28]
2015-09-23 15:22:54 Error: [FatalErrorException] syntax error, unexpected 'public' (T_PUBLIC)
Request URL: /cakephp-2.7.3/Categories/index
Stack Trace:
#0 /Applications/MAMP/htdocs/cakephp-2.7.3/lib/Cake/Error/ErrorHandler.php(213): ErrorHandler::handleFatalError(4, 'syntax error, u...', '/Applications/M...', 28)
#1 [internal function]: ErrorHandler::handleError(4, 'syntax error, u...', '/Applications/M...', 28, Array)
#2 /Applications/MAMP/htdocs/cakephp-2.7.3/lib/Cake/Core/App.php(933): call_user_func('ErrorHandler::h...', 4, 'syntax error, u...', '/Applications/M...', 28, Array)
#3 /Applications/MAMP/htdocs/cakephp-2.7.3/lib/Cake/Core/App.php(906): App::_checkFatalError()
#4 [internal function]: App::shutdown()
#5 {main}
2015-09-23 15:25:06 Error: Fatal Error (4): syntax error, unexpected 'public' (T_PUBLIC) in [/Applications/MAMP/htdocs/cakephp-2.7.3/app/Controller/CategoriesController.php, line 28]
2015-09-23 15:25:06 Error: [FatalErrorException] syntax error, unexpected 'public' (T_PUBLIC)
Request URL: /cakephp-2.7.3/Categories/index
Stack Trace:
#0 /Applications/MAMP/htdocs/cakephp-2.7.3/lib/Cake/Error/ErrorHandler.php(213): ErrorHandler::handleFatalError(4, 'syntax error, u...', '/Applications/M...', 28)
#1 [internal function]: ErrorHandler::handleError(4, 'syntax error, u...', '/Applications/M...', 28, Array)
#2 /Applications/MAMP/htdocs/cakephp-2.7.3/lib/Cake/Core/App.php(933): call_user_func('ErrorHandler::h...', 4, 'syntax error, u...', '/Applications/M...', 28, Array)
#3 /Applications/MAMP/htdocs/cakephp-2.7.3/lib/Cake/Core/App.php(906): App::_checkFatalError()
#4 [internal function]: App::shutdown()
#5 {main}
2015-09-23 17:46:41 Error: Fatal Error (1): Class 'CakeFlash' not found in [/Applications/MAMP/htdocs/cakephp-2.7.3/app/Test/Case/Controller/CategoriesControllerTest.php, line 48]
2015-09-23 17:46:41 Error: [FatalErrorException] Class 'CakeFlash' not found
Request URL: /cakephp-2.7.3/categories/add
Stack Trace:
#0 /Applications/MAMP/htdocs/cakephp-2.7.3/lib/Cake/Error/ErrorHandler.php(213): ErrorHandler::handleFatalError(1, 'Class 'CakeFlas...', '/Applications/M...', 48)
#1 [internal function]: ErrorHandler::handleError(1, 'Class 'CakeFlas...', '/Applications/M...', 48, Array)
#2 /Applications/MAMP/htdocs/cakephp-2.7.3/lib/Cake/Core/App.php(933): call_user_func('ErrorHandler::h...', 1, 'Class 'CakeFlas...', '/Applications/M...', 48, Array)
#3 /Applications/MAMP/htdocs/cakephp-2.7.3/lib/Cake/Core/App.php(906): App::_checkFatalError()
#4 [internal function]: App::shutdown()
#5 {main}
2015-09-23 18:27:56 Error: Fatal Error (4): syntax error, unexpected ',', expecting ')' in [/Applications/MAMP/htdocs/cakephp-2.7.3/app/Test/Case/Controller/CategoriesControllerTest.php, line 47]
2015-09-23 18:27:56 Error: [FatalErrorException] syntax error, unexpected ',', expecting ')'
Stack Trace:
#0 /Applications/MAMP/htdocs/cakephp-2.7.3/lib/Cake/Error/ErrorHandler.php(213): ErrorHandler::handleFatalError(4, 'syntax error, u...', '/Applications/M...', 47)
#1 [internal function]: ErrorHandler::handleError(4, 'syntax error, u...', '/Applications/M...', 47, Array)
#2 /Applications/MAMP/htdocs/cakephp-2.7.3/lib/Cake/Core/App.php(933): call_user_func('ErrorHandler::h...', 4, 'syntax error, u...', '/Applications/M...', 47, Array)
#3 /Applications/MAMP/htdocs/cakephp-2.7.3/lib/Cake/Core/App.php(906): App::_checkFatalError()
#4 [internal function]: App::shutdown()
#5 {main}
2015-09-23 19:51:28 Error: Fatal Error (1): Call to a member function success() on null in [/Applications/MAMP/htdocs/cakephp-2.7.3/app/Controller/CategoriesController.php, line 54]
2015-09-23 19:51:28 Error: [FatalErrorException] Call to a member function success() on null
Request URL: /cakephp-2.7.3/Categories/add
Stack Trace:
#0 /Applications/MAMP/htdocs/cakephp-2.7.3/lib/Cake/Error/ErrorHandler.php(213): ErrorHandler::handleFatalError(1, 'Call to a membe...', '/Applications/M...', 54)
#1 [internal function]: ErrorHandler::handleError(1, 'Call to a membe...', '/Applications/M...', 54, Array)
#2 /Applications/MAMP/htdocs/cakephp-2.7.3/lib/Cake/Core/App.php(933): call_user_func('ErrorHandler::h...', 1, 'Call to a membe...', '/Applications/M...', 54, Array)
#3 /Applications/MAMP/htdocs/cakephp-2.7.3/lib/Cake/Core/App.php(906): App::_checkFatalError()
#4 [internal function]: App::shutdown()
#5 {main}
